<?xml version="1.0" encoding="UTF-8"?>
<!-- Generated by org.testng.reporters.JUnitXMLReporter -->
<testsuite hostname="DGT-0F1-LAP070" ignored="0" name="Test-Signup" tests="12" failures="0" timestamp="09 Jul 2019 07:44:31 GMT" time="262.86" errors="0">
  <testcase name="SignupTest" time="18.068" classname="com.Laundry.PageObjects.Signup_TC1"/>
  <testcase name="SignupTest" time="19.074" classname="com.Laundry.PageObjects.Signup_TC12"/>
  <testcase name="SignupTest" time="17.198" classname="com.Laundry.PageObjects.Signup_TC2"/>
  <testcase name="SignupTest" time="19.186" classname="com.Laundry.PageObjects.Signup_TC11"/>
  <testcase name="SignupTest" time="17.591" classname="com.Laundry.PageObjects.Signup_TC3"/>
  <testcase name="SignupTest" time="19.643" classname="com.Laundry.PageObjects.Signup_TC10"/>
  <testcase name="SignupTest" time="17.176" classname="com.Laundry.PageObjects.Signup_TC4"/>
  <testcase name="SignupTest" time="17.554" classname="com.Laundry.PageObjects.Signup_TC5"/>
  <testcase name="SignupTest" time="18.198" classname="com.Laundry.PageObjects.Signup_TC6"/>
  <testcase name="SignupTest" time="17.717" classname="com.Laundry.PageObjects.Signup_TC7"/>
  <testcase name="SignupTest" time="18.145" classname="com.Laundry.PageObjects.Signup_TC8"/>
  <testcase name="SignupTest" time="19.707" classname="com.Laundry.PageObjects.Signup_TC9"/>
</testsuite> <!-- Test-Signup -->
