<?xml version="1.0" encoding="UTF-8"?>
<!-- Generated by org.testng.reporters.JUnitReportReporter -->
<testsuite skipped="0" hostname="DGT-0F1-LAP070" name="com.Laundry.PageObjects.EditProfile_TC1" tests="1" failures="0" timestamp="03 Sep 2019 04:07:23 GMT" time="98.487" errors="0">
  <testcase name="Editprofile1" time="98.487" classname="com.Laundry.PageObjects.EditProfile_TC1"/>
</testsuite> <!-- com.Laundry.PageObjects.EditProfile_TC1 -->
