<?xml version="1.0" encoding="UTF-8"?>
<!-- Generated by org.testng.reporters.JUnitReportReporter -->
<testsuite skipped="0" hostname="DGT-0F1-LAP070" name="com.Laundry.PageObjects.Forgotpwd_TC1" tests="1" failures="0" timestamp="03 Sep 2019 09:41:19 GMT" time="19.585" errors="0">
  <testcase name="forgotpwd01" time="19.585" classname="com.Laundry.PageObjects.Forgotpwd_TC1"/>
</testsuite> <!-- com.Laundry.PageObjects.Forgotpwd_TC1 -->
