<?xml version="1.0" encoding="UTF-8"?>
<!-- Generated by org.testng.reporters.JUnitReportReporter -->
<testsuite skipped="0" hostname="DGT-0F1-LAP070" name="com.Laundry.PageObjects.Login_TC7" tests="1" failures="0" timestamp="03 Jul 2019 05:54:32 GMT" time="14.702" errors="0">
  <testcase name="login06" time="14.702" classname="com.Laundry.PageObjects.Login_TC7"/>
</testsuite> <!-- com.Laundry.PageObjects.Login_TC7 -->
