<?xml version="1.0" encoding="UTF-8"?>
<!-- Generated by org.testng.reporters.JUnitReportReporter -->
<testsuite skipped="0" hostname="DGT-0F1-LAP070" name="com.Laundry.PageObjects.HomePage_TC16" tests="1" failures="0" timestamp="04 Jul 2019 12:45:30 GMT" time="15.874" errors="0">
  <testcase name="Homepage16" time="15.874" classname="com.Laundry.PageObjects.HomePage_TC16"/>
</testsuite> <!-- com.Laundry.PageObjects.HomePage_TC16 -->
