<?xml version="1.0" encoding="UTF-8"?>
<!-- Generated by org.testng.reporters.JUnitReportReporter -->
<testsuite skipped="0" hostname="DGT-0F1-LAP070" name="com.Laundry.PageObjects.Signup_TC1" tests="1" failures="0" timestamp="19 Sep 2019 09:50:51 GMT" time="34.329" errors="0">
  <testcase name="SignupTest" time="34.329" classname="com.Laundry.PageObjects.Signup_TC1"/>
</testsuite> <!-- com.Laundry.PageObjects.Signup_TC1 -->
