<?xml version="1.0" encoding="UTF-8"?>
<!-- Generated by org.testng.reporters.JUnitReportReporter -->
<testsuite skipped="0" hostname="DGT-0F1-LAP070" name="com.Laundry.PageObjects.HomePage_TC3" tests="1" failures="0" timestamp="03 Sep 2019 10:27:41 GMT" time="120.479" errors="0">
  <testcase name="Homepage3" time="120.479" classname="com.Laundry.PageObjects.HomePage_TC3"/>
</testsuite> <!-- com.Laundry.PageObjects.HomePage_TC3 -->
