<?xml version="1.0" encoding="UTF-8"?>
<!-- Generated by org.testng.reporters.JUnitReportReporter -->
<testsuite skipped="0" hostname="DGT-0F1-LAP070" name="com.Laundry.PageObjects.Forgotpwd_TC3" tests="1" failures="0" timestamp="03 Sep 2019 09:41:19 GMT" time="17.464" errors="0">
  <testcase name="forgotpwd03" time="17.464" classname="com.Laundry.PageObjects.Forgotpwd_TC3"/>
</testsuite> <!-- com.Laundry.PageObjects.Forgotpwd_TC3 -->
