<?xml version="1.0" encoding="UTF-8"?>
<!-- Generated by org.testng.reporters.JUnitReportReporter -->
<testsuite skipped="0" hostname="DGT-0F1-LAP070" name="com.Yosi.Registration" tests="1" failures="0" timestamp="16 Jul 2019 12:35:15 GMT" time="0.016" errors="0">
  <testcase name="registration" time="0.016" classname="com.Yosi.Registration"/>
</testsuite> <!-- com.Yosi.Registration -->
