<?xml version="1.0" encoding="UTF-8"?>
<!-- Generated by org.testng.reporters.JUnitReportReporter -->
<testsuite skipped="0" hostname="DGT-0F1-LAP070" name="com.Laundry.PageObjects.Login_TC3" tests="1" failures="0" timestamp="19 Sep 2019 09:46:54 GMT" time="19.389" errors="0">
  <testcase name="login05" time="19.389" classname="com.Laundry.PageObjects.Login_TC3"/>
</testsuite> <!-- com.Laundry.PageObjects.Login_TC3 -->
