<?xml version="1.0" encoding="UTF-8"?>
<!-- Generated by org.testng.reporters.JUnitReportReporter -->
<testsuite skipped="0" hostname="DGT-0F1-LAP070" name="com.Athena.Read_Excel" tests="1" failures="0" timestamp="25 Jul 2019 05:06:55 GMT" time="0.588" errors="0">
  <testcase name="read_excel" time="0.588" classname="com.Athena.Read_Excel"/>
</testsuite> <!-- com.Athena.Read_Excel -->
