<?xml version="1.0" encoding="UTF-8"?>
<!-- Generated by org.testng.reporters.JUnitReportReporter -->
<testsuite skipped="0" hostname="DGT-0F1-LAP070" name="com.Athena.Athena_Base_Class" tests="2" failures="0" timestamp="24 Jul 2019 12:48:59 GMT" time="0.750" errors="0">
  <testcase name="data" time="0.719" classname="com.Athena.Athena_Base_Class"/>
  <testcase name="read_excel" time="0.031" classname="com.Athena.Athena_Base_Class"/>
</testsuite> <!-- com.Athena.Athena_Base_Class -->
