<?xml version="1.0" encoding="UTF-8"?>
<!-- Generated by org.testng.reporters.JUnitReportReporter -->
<testsuite skipped="0" hostname="DGT-0F1-LAP070" name="com.Laundry.PageObjects.PaymentPage_TC3" tests="1" failures="0" timestamp="09 Jul 2019 09:55:40 GMT" time="35.235" errors="0">
  <testcase name="PaymentPage3" time="35.235" classname="com.Laundry.PageObjects.PaymentPage_TC3"/>
</testsuite> <!-- com.Laundry.PageObjects.PaymentPage_TC3 -->
