<?xml version="1.0" encoding="UTF-8"?>
<!-- Generated by org.testng.reporters.JUnitReportReporter -->
<testsuite skipped="0" hostname="DGT-0F1-LAP070" name="com.Laundry.PageObjects.Signup_TC12" tests="1" failures="0" timestamp="09 Jul 2019 07:44:31 GMT" time="19.074" errors="0">
  <testcase name="SignupTest" time="19.074" classname="com.Laundry.PageObjects.Signup_TC12"/>
</testsuite> <!-- com.Laundry.PageObjects.Signup_TC12 -->
