<?xml version="1.0" encoding="UTF-8"?>
<!-- Generated by org.testng.reporters.JUnitReportReporter -->
<testsuite skipped="0" hostname="DGT-0F1-LAP070" name="com.Laundry.PageObjects.Login_TC6" tests="1" failures="0" timestamp="09 Jul 2019 05:53:35 GMT" time="10.145" errors="0">
  <testcase name="login05" time="10.145" classname="com.Laundry.PageObjects.Login_TC6"/>
</testsuite> <!-- com.Laundry.PageObjects.Login_TC6 -->
