<?xml version="1.0" encoding="UTF-8"?>
<!-- Generated by org.testng.reporters.JUnitReportReporter -->
<testsuite skipped="0" hostname="DGT-0F1-LAP070" name="com.Laundry.PageObjects.HomePage_TC4" tests="1" failures="0" timestamp="03 Sep 2019 12:16:43 GMT" time="75.259" errors="0">
  <testcase name="Homepage16" time="75.259" classname="com.Laundry.PageObjects.HomePage_TC4"/>
</testsuite> <!-- com.Laundry.PageObjects.HomePage_TC4 -->
