<?xml version="1.0" encoding="UTF-8"?>
<!-- Generated by org.testng.reporters.JUnitReportReporter -->
<testsuite skipped="0" hostname="DGT-0F1-LAP070" name="com.Laundry.PageObjects.Login_TC5" tests="1" failures="0" timestamp="19 Sep 2019 09:49:12 GMT" time="21.585" errors="0">
  <testcase name="login05" time="21.585" classname="com.Laundry.PageObjects.Login_TC5"/>
</testsuite> <!-- com.Laundry.PageObjects.Login_TC5 -->
