<?xml version="1.0" encoding="UTF-8"?>
<!-- Generated by org.testng.reporters.JUnitReportReporter -->
<testsuite skipped="0" hostname="DGT-0F1-LAP070" name="com.Laundry.PageObjects.Singup_TC" tests="1" failures="0" timestamp="02 Jul 2019 10:22:02 GMT" time="18.509" errors="0">
  <testcase name="SignupTest" time="18.509" classname="com.Laundry.PageObjects.Singup_TC"/>
</testsuite> <!-- com.Laundry.PageObjects.Singup_TC -->
