<?xml version="1.0" encoding="UTF-8"?>
<!-- Generated by org.testng.reporters.JUnitXMLReporter -->
<testsuite hostname="DGT-0F1-LAP070" ignored="0" name="Test-Card" tests="3" failures="0" timestamp="10 Jul 2019 07:38:21 GMT" time="173.542" errors="0">
  <testcase name="PaymentPage3" time="46.37" classname="com.Laundry.PageObjects.CardsPage_TC1"/>
  <testcase name="PaymentPage3" time="48.432" classname="com.Laundry.PageObjects.CardsPage_TC2"/>
  <testcase name="PaymentPage3" time="51.346" classname="com.Laundry.PageObjects.CardsPage_TC3"/>
</testsuite> <!-- Test-Card -->
