<?xml version="1.0" encoding="UTF-8"?>
<!-- Generated by org.testng.reporters.JUnitReportReporter -->
<testsuite skipped="1" hostname="DGT-0F1-LAP070" name="Amazon_search.Registration" tests="1" failures="0" timestamp="06 Sep 2019 08:27:50 GMT" time="0.000" errors="0">
  <testcase name="registration" time="0.000" classname="Amazon_search.Registration">
    <skipped/>
  </testcase> <!-- registration -->
</testsuite> <!-- Amazon_search.Registration -->
