<?xml version="1.0" encoding="UTF-8"?>
<!-- Generated by org.testng.reporters.JUnitReportReporter -->
<testsuite skipped="0" hostname="DGT-0F1-LAP070" name="Amazon_search.Signup_TC1" tests="2" failures="0" timestamp="11 Sep 2019 14:46:21 GMT" time="26.062" errors="0">
  <testcase name="register" time="2.107" classname="Amazon_search.Signup_TC1"/>
  <testcase name="SignupTest" time="23.955" classname="Amazon_search.Signup_TC1"/>
</testsuite> <!-- Amazon_search.Signup_TC1 -->
