<?xml version="1.0" encoding="UTF-8"?>
<!-- Generated by org.testng.reporters.JUnitReportReporter -->
<testsuite skipped="0" hostname="DGT-0F1-LAP070" name="Amazon_search.loginpage_TC1" tests="1" failures="0" timestamp="31 Aug 2019 03:09:16 GMT" time="13.570" errors="0">
  <testcase name="login" time="13.570" classname="Amazon_search.loginpage_TC1"/>
</testsuite> <!-- Amazon_search.loginpage_TC1 -->
