<?xml version="1.0" encoding="UTF-8"?>
<!-- Generated by org.testng.reporters.JUnitReportReporter -->
<testsuite skipped="0" hostname="DGT-0F1-LAP070" name="gigs_setting.gigs_setting_baseclass" tests="1" failures="0" timestamp="28 Aug 2019 11:34:39 GMT" time="0.020" errors="0">
  <testcase name="Dummy" time="0.020" classname="gigs_setting.gigs_setting_baseclass"/>
</testsuite> <!-- gigs_setting.gigs_setting_baseclass -->
