<?xml version="1.0" encoding="UTF-8"?>
<!-- Generated by org.testng.reporters.JUnitReportReporter -->
<testsuite skipped="0" hostname="DGT-0F1-LAP070" name="gigs_setting.readconfig" tests="1" failures="0" timestamp="28 Aug 2019 11:28:12 GMT" time="0.017" errors="0">
  <testcase name="dummy" time="0.017" classname="gigs_setting.readconfig"/>
</testsuite> <!-- gigs_setting.readconfig -->
