<?xml version="1.0" encoding="UTF-8"?>
<!-- Generated by org.testng.reporters.JUnitXMLReporter -->
<testsuite hostname="DGT-0F1-LAP070" ignored="0" name="Test-Payment" tests="2" failures="0" timestamp="09 Jul 2019 12:10:08 GMT" time="96.463" errors="0">
  <testcase name="PaymentPage2" time="36.856" classname="com.Laundry.PageObjects.PaymentPage_TC2"/>
  <testcase name="PaymentPage1" time="51.897" classname="com.Laundry.PageObjects.PaymentPage_TC1"/>
</testsuite> <!-- Test-Payment -->
